2023-03-14 19:30:53,170 ERROR [xxl-job, executor ExecutorRegistryThread][XxlJobRemotingUtil.java:143] - Connection refused: connect
java.net.ConnectException: Connection refused: connect
	at java.net.DualStackPlainSocketImpl.waitForConnect(Native Method)
	at java.net.DualStackPlainSocketImpl.socketConnect(DualStackPlainSocketImpl.java:81)
	at java.net.AbstractPlainSocketImpl.doConnect(AbstractPlainSocketImpl.java:476)
	at java.net.AbstractPlainSocketImpl.connectToAddress(AbstractPlainSocketImpl.java:218)
	at java.net.AbstractPlainSocketImpl.connect(AbstractPlainSocketImpl.java:200)
	at java.net.PlainSocketImpl.connect(PlainSocketImpl.java:162)
	at java.net.SocksSocketImpl.connect(SocksSocketImpl.java:394)
	at java.net.Socket.connect(Socket.java:606)
	at sun.net.NetworkClient.doConnect(NetworkClient.java:175)
	at sun.net.www.http.HttpClient.openServer(HttpClient.java:463)
	at sun.net.www.http.HttpClient.openServer(HttpClient.java:558)
	at sun.net.www.http.HttpClient.<init>(HttpClient.java:242)
	at sun.net.www.http.HttpClient.New(HttpClient.java:339)
	at sun.net.www.http.HttpClient.New(HttpClient.java:371)
	at sun.net.www.protocol.http.HttpURLConnection.setNewClient(HttpURLConnection.java:781)
	at sun.net.www.protocol.http.HttpURLConnection.setNewClient(HttpURLConnection.java:769)
	at sun.net.www.protocol.http.HttpURLConnection.writeRequests(HttpURLConnection.java:711)
	at sun.net.www.protocol.http.HttpURLConnection.getInputStream0(HttpURLConnection.java:1605)
	at sun.net.www.protocol.http.HttpURLConnection.getInputStream(HttpURLConnection.java:1512)
	at java.net.HttpURLConnection.getResponseCode(HttpURLConnection.java:480)
	at com.xxl.job.core.util.XxlJobRemotingUtil.postBody(XxlJobRemotingUtil.java:119)
	at com.xxl.job.core.biz.client.AdminBizClient.registryRemove(AdminBizClient.java:47)
	at com.xxl.job.core.thread.ExecutorRegistryThread$1.run(ExecutorRegistryThread.java:84)
	at java.lang.Thread.run(Thread.java:750)
